{ service: 'GetDatapointDescription.Res',
  direction: 'response',
  error: false,
  start: 1,
  number: 10,
  payload: 
   [ { id: 1, valueType: 8, configFlags: 95, dpt: 'dpt9' },
     { id: 2, valueType: 7, configFlags: 87, dpt: 'dpt5' },
     { id: 3, valueType: 7, configFlags: 87, dpt: 'dpt5' },
     { id: 4, valueType: 7, configFlags: 87, dpt: 'dpt5' },
     { id: 5, valueType: 7, configFlags: 87, dpt: 'dpt5' },
     { id: 6, valueType: 0, configFlags: 95, dpt: 'dpt1' },
     { id: 7, valueType: 0, configFlags: 95, dpt: 'dpt1' },
     { id: 8, valueType: 0, configFlags: 87, dpt: 'dpt1' },
     { id: 9, valueType: 0, configFlags: 87, dpt: 'dpt1' },
     { id: 10, valueType: 7, configFlags: 83, dpt: 'dpt5' } ] }
{ service: 'GetParameterByte.Res',
  direction: 'response',
  error: false,
  start: 1,
  number: 10,
  payload: <Buffer 01 03 05 07 09 0b 0a 00 00 00> }
{ service: 'SetDatapointValue.Res',
  direction: 'response',
  error: true,
  start: 1,
  number: 0,
  payload: { code: 9, description: 'Bad length' } }
{ service: 'SetDatapointValue.Res',
  direction: 'response',
  error: false,
  start: 1,
  number: 0,
  payload: null }
{ service: 'GetDatapointValue.Res',
  direction: 'response',
  error: false,
  start: 1,
  number: 10,
  payload: 
   [ { id: 1, state: 4, length: 2, value: <Buffer 0c fb> },
     { id: 2, state: 16, length: 1, value: <Buffer c0> },
     { id: 3, state: 16, length: 1, value: <Buffer 10> },
     { id: 4, state: 0, length: 1, value: <Buffer 00> },
     { id: 5, state: 0, length: 1, value: <Buffer 00> },
     { id: 6, state: 0, length: 1, value: <Buffer 00> },
     { id: 7, state: 0, length: 1, value: <Buffer 00> },
     { id: 8, state: 0, length: 1, value: <Buffer 00> },
     { id: 9, state: 0, length: 1, value: <Buffer 00> },
     { id: 10, state: 0, length: 1, value: <Buffer 00> } ] }
{ service: 'SetDatapointValue.Res',
  direction: 'response',
  error: false,
  start: 2,
  number: 0,
  payload: null }
{ service: 'GetDatapointValue.Res',
  direction: 'response',
  error: false,
  start: 2,
  number: 1,
  payload: [ { id: 2, state: 16, length: 1, value: <Buffer c0> } ] }
