Baos: [ 'baos constructor: serial port opened, sending reset request [0]' ]
Baos: [ '_ft12_processIncomingData', <Buffer e5> ]
Baos: [ '_ft12_processAckFrame', <Buffer e5> ]
Baos: [ '_ft12_processAckFrame: got acknowledge for reset request!',
  { resetAckReceived: true,
    resetIntervalID: 
     Timeout {
       _called: false,
       _idleTimeout: 1000,
       _idlePrev: [Object],
       _idleNext: [Object],
       _idleStart: 457,
       _onTimeout: [Function],
       _timerArgs: undefined,
       _repeat: 1000,
       _destroyed: false,
       [Symbol(asyncId)]: 8,
       [Symbol(triggerAsyncId)]: 0 },
    resetIntervalCount: 0,
    ackReceived: true,
    responseReceived: true,
    lastRequest: null,
    lastResponse: null,
    frameCount: 'odd' } ]
Baos: [ '_queue_next', 1 ]
Baos: [ '_queue_next send data', <Buffer f0 03 00 01 00 0a> ]
Baos: [ '_ft12_sendDataFrame',
  <Buffer 68 07 07 68 73 f0 03 00 01 00 0a 71 16> ]
Baos: [ '_queue_next', 1 ]
Baos: [ '_queue_next ack not received, res not received', 1 ]
Baos: [ '_ft12_processIncomingData', <Buffer e5> ]
Baos: [ '_ft12_processAckFrame', <Buffer e5> ]
Baos: [ '_ft12_processAckFrame: ack received for data frame' ]
Baos: [ '_ft12_processIncomingData',
  <Buffer 68 39 39 68 f3 f0 83 00 01 00 0a 00 01 08 5f 09 00 02 07 57 05 00 03 07 57 05 00 04 07 57 05 00 05 07 57 05 00 06 00 5f 01 00 07 00 5f 01 00 08 00 57 ... > ]
Baos: [ '_ft12_processDataFrame:',
  <Buffer 68 39 39 68 f3 f0 83 00 01 00 0a 00 01 08 5f 09 00 02 07 57 05 00 03 07 57 05 00 04 07 57 05 00 05 07 57 05 00 06 00 5f 01 00 07 00 5f 01 00 08 00 57 ... > ]
Baos: [ '_ft12_processDataFrame: got service with direction: res' ]
{ service: 'GetDatapointDescription.Res',
  direction: 'response',
  error: false,
  start: 1,
  number: 10,
  payload: 
   [ { id: 1, valueType: 8, configFlags: 95, dpt: 'dpt9' },
     { id: 2, valueType: 7, configFlags: 87, dpt: 'dpt5' },
     { id: 3, valueType: 7, configFlags: 87, dpt: 'dpt5' },
     { id: 4, valueType: 7, configFlags: 87, dpt: 'dpt5' },
     { id: 5, valueType: 7, configFlags: 87, dpt: 'dpt5' },
     { id: 6, valueType: 0, configFlags: 95, dpt: 'dpt1' },
     { id: 7, valueType: 0, configFlags: 95, dpt: 'dpt1' },
     { id: 8, valueType: 0, configFlags: 87, dpt: 'dpt1' },
     { id: 9, valueType: 0, configFlags: 87, dpt: 'dpt1' },
     { id: 10, valueType: 7, configFlags: 83, dpt: 'dpt5' } ] }
Baos: [ '_queue_next', 6 ]
Baos: [ '_queue_next send data', <Buffer f0 07 00 01 00 0a> ]
Baos: [ '_ft12_sendDataFrame',
  <Buffer 68 07 07 68 53 f0 07 00 01 00 0a 55 16> ]
Baos: [ '_ft12_processIncomingData', <Buffer e5> ]
Baos: [ '_ft12_processAckFrame', <Buffer e5> ]
Baos: [ '_ft12_processAckFrame: ack received for data frame' ]
Baos: [ '_ft12_processIncomingData',
  <Buffer 68 11 11 68 d3 f0 87 00 01 00 0a 01 03 05 07 09 0b 0a 00 00 00 83 16> ]
Baos: [ '_ft12_processDataFrame:',
  <Buffer 68 11 11 68 d3 f0 87 00 01 00 0a 01 03 05 07 09 0b 0a 00 00 00 83 16> ]
Baos: [ '_ft12_processDataFrame: got service with direction: res' ]
{ service: 'GetParameterByte.Res',
  direction: 'response',
  error: false,
  start: 1,
  number: 10,
  payload: <Buffer 01 03 05 07 09 0b 0a 00 00 00> }
Baos: [ '_queue_next', 5 ]
Baos: [ '_queue_next send data',
  <Buffer f0 06 00 01 00 01 00 01 04 01 00> ]
Baos: [ '_ft12_sendDataFrame',
  <Buffer 68 0c 0c 68 73 f0 06 00 01 00 01 00 01 04 01 00 71 16> ]
Baos: [ '_ft12_processIncomingData', <Buffer e5> ]
Baos: [ '_ft12_processAckFrame', <Buffer e5> ]
Baos: [ '_ft12_processAckFrame: ack received for data frame' ]
Baos: [ '_ft12_processIncomingData',
  <Buffer 68 08 08 68 f3 f0 86 00 01 00 00 09 73 16> ]
Baos: [ '_ft12_processDataFrame:',
  <Buffer 68 08 08 68 f3 f0 86 00 01 00 00 09 73 16> ]
Baos: [ '_ft12_processDataFrame: got service with direction: res' ]
{ service: 'SetDatapointValue.Res',
  direction: 'response',
  error: true,
  start: 1,
  number: 0,
  payload: { code: 9, description: 'Bad length' } }
Baos: [ '_queue_next', 4 ]
Baos: [ '_queue_next send data',
  <Buffer f0 06 00 01 00 01 00 01 04 02 00 00> ]
Baos: [ '_ft12_sendDataFrame',
  <Buffer 68 0d 0d 68 53 f0 06 00 01 00 01 00 01 04 02 00 00 52 16> ]
Baos: [ '_ft12_processIncomingData', <Buffer e5> ]
Baos: [ '_ft12_processAckFrame', <Buffer e5> ]
Baos: [ '_ft12_processAckFrame: ack received for data frame' ]
Baos: [ '_ft12_processIncomingData',
  <Buffer 68 08 08 68 d3 f0 86 00 01 00 00 00 4a 16> ]
Baos: [ '_ft12_processDataFrame:',
  <Buffer 68 08 08 68 d3 f0 86 00 01 00 00 00 4a 16> ]
Baos: [ '_ft12_processDataFrame: got service with direction: res' ]
{ service: 'SetDatapointValue.Res',
  direction: 'response',
  error: false,
  start: 1,
  number: 0,
  payload: null }
Baos: [ '_queue_next', 3 ]
Baos: [ '_queue_next send data', <Buffer f0 05 00 01 00 0a 00> ]
Baos: [ '_ft12_sendDataFrame',
  <Buffer 68 08 08 68 73 f0 05 00 01 00 0a 00 73 16> ]
Baos: [ '_ft12_processIncomingData', <Buffer e5> ]
Baos: [ '_ft12_processAckFrame', <Buffer e5> ]
Baos: [ '_ft12_processAckFrame: ack received for data frame' ]
Baos: [ '_ft12_processIncomingData',
  <Buffer 68 3a 3a 68 f3 f0 85 00 01 00 0a 00 01 04 02 0c fb 00 02 10 01 c0 00 03 10 01 10 00 04 00 01 00 00 05 00 01 00 00 06 00 01 00 00 07 00 01 00 00 08 00 ... > ]
Baos: [ '_ft12_processDataFrame:',
  <Buffer 68 3a 3a 68 f3 f0 85 00 01 00 0a 00 01 04 02 0c fb 00 02 10 01 c0 00 03 10 01 10 00 04 00 01 00 00 05 00 01 00 00 06 00 01 00 00 07 00 01 00 00 08 00 ... > ]
Baos: [ '_ft12_processDataFrame: got service with direction: res' ]
{ service: 'GetDatapointValue.Res',
  direction: 'response',
  error: false,
  start: 1,
  number: 10,
  payload: 
   [ { id: 1, state: 4, length: 2, value: <Buffer 0c fb> },
     { id: 2, state: 16, length: 1, value: <Buffer c0> },
     { id: 3, state: 16, length: 1, value: <Buffer 10> },
     { id: 4, state: 0, length: 1, value: <Buffer 00> },
     { id: 5, state: 0, length: 1, value: <Buffer 00> },
     { id: 6, state: 0, length: 1, value: <Buffer 00> },
     { id: 7, state: 0, length: 1, value: <Buffer 00> },
     { id: 8, state: 0, length: 1, value: <Buffer 00> },
     { id: 9, state: 0, length: 1, value: <Buffer 00> },
     { id: 10, state: 0, length: 1, value: <Buffer 00> } ] }
Baos: [ '_queue_next', 2 ]
Baos: [ '_queue_next send data',
  <Buffer f0 06 00 02 00 01 00 02 03 01 c0> ]
Baos: [ '_ft12_sendDataFrame',
  <Buffer 68 0c 0c 68 53 f0 06 00 02 00 01 00 02 03 01 c0 12 16> ]
Baos: [ '_ft12_processIncomingData', <Buffer e5> ]
Baos: [ '_ft12_processAckFrame', <Buffer e5> ]
Baos: [ '_ft12_processAckFrame: ack received for data frame' ]
Baos: [ '_ft12_processIncomingData',
  <Buffer 68 08 08 68 d3 f0 86 00 02 00 00 00 4b 16> ]
Baos: [ '_ft12_processDataFrame:',
  <Buffer 68 08 08 68 d3 f0 86 00 02 00 00 00 4b 16> ]
Baos: [ '_ft12_processDataFrame: got service with direction: res' ]
{ service: 'SetDatapointValue.Res',
  direction: 'response',
  error: false,
  start: 2,
  number: 0,
  payload: null }
Baos: [ '_queue_next', 1 ]
Baos: [ '_queue_next send data', <Buffer f0 05 00 02 00 01 00> ]
Baos: [ '_ft12_sendDataFrame',
  <Buffer 68 08 08 68 73 f0 05 00 02 00 01 00 6b 16> ]
Baos: [ '_ft12_processIncomingData', <Buffer e5> ]
Baos: [ '_ft12_processAckFrame', <Buffer e5> ]
Baos: [ '_ft12_processAckFrame: ack received for data frame' ]
Baos: [ '_ft12_processIncomingData',
  <Buffer 68 0c 0c 68 f3 f0 85 00 02 00 01 00 02 10 01 c0 3e 16> ]
Baos: [ '_ft12_processDataFrame:',
  <Buffer 68 0c 0c 68 f3 f0 85 00 02 00 01 00 02 10 01 c0 3e 16> ]
Baos: [ '_ft12_processDataFrame: got service with direction: res' ]
{ service: 'GetDatapointValue.Res',
  direction: 'response',
  error: false,
  start: 2,
  number: 1,
  payload: [ { id: 2, state: 16, length: 1, value: <Buffer c0> } ] }
Baos: [ '_queue_next', 0 ]
Baos: [ '_queue_next: empty queue' ]
Baos: [ '_ft12_processIncomingData',
  <Buffer 68 0d 0d 68 d3 f0 c1 00 01 00 01 00 01 18 02 0c fb a8 16> ]
Baos: [ '_ft12_processDataFrame:',
  <Buffer 68 0d 0d 68 d3 f0 c1 00 01 00 01 00 01 18 02 0c fb a8 16> ]
Baos: [ '_ft12_processDataFrame: got service with direction: ind' ]
{ service: 'DatapointValue.Ind',
  direction: 'indication',
  error: false,
  start: 1,
  number: 1,
  payload: [ { id: 1, state: 24, length: 2, value: <Buffer 0c fb> } ] }
