got server item 1-17 [ { id: 1, length: 6, value: <Buffer 00 00 c5 08 00 03> },
  { id: 2, length: 1, value: <Buffer 10> },
  { id: 3, length: 1, value: <Buffer 12> },
  { id: 4, length: 2, value: <Buffer 00 c5> },
  { id: 5, length: 2, value: <Buffer 00 c5> },
  { id: 6, length: 2, value: <Buffer 08 05> },
  { id: 7, length: 1, value: <Buffer 10> },
  { id: 8, length: 6, value: <Buffer 00 c5 01 01 76 b6> },
  { id: 9, length: 4, value: <Buffer 43 2b 1d 1b> },
  { id: 10, length: 1, value: <Buffer 01> },
  { id: 11, length: 2, value: <Buffer 00 fa> },
  { id: 12, length: 2, value: <Buffer 00 00> },
  { id: 13, length: 1, value: <Buffer 01> },
  { id: 14, length: 2, value: <Buffer 00 fa> },
  { id: 15, length: 1, value: <Buffer 00> },
  { id: 16, length: 1, value: <Buffer 20> },
  { id: 17, length: 1, value: <Buffer 01> } ]
got server item 17-20 [ { id: 17, length: 1, value: <Buffer 01> },
  { id: 20, length: 2, value: <Buffer 12 0f> } ]
got datapoint descriptions 1-5 [ { id: 1,
    length: 1,
    flags: 
     { priority: 'low',
       communication: true,
       read: true,
       write: true,
       readOnInit: false,
       transmit: true,
       update: true },
    dpt: 'dpt1' },
  { id: 2,
    length: 1,
    flags: 
     { priority: 'low',
       communication: true,
       read: true,
       write: true,
       readOnInit: false,
       transmit: true,
       update: true },
    dpt: 'dpt5' },
  { id: 3,
    length: 1,
    flags: 
     { priority: 'low',
       communication: true,
       read: true,
       write: true,
       readOnInit: false,
       transmit: true,
       update: true },
    dpt: 'dpt5' },
  { id: 4,
    length: 2,
    flags: 
     { priority: 'low',
       communication: true,
       read: true,
       write: true,
       readOnInit: false,
       transmit: true,
       update: true },
    dpt: 'dpt9' },
  { id: 5,
    length: 2,
    flags: 
     { priority: 'low',
       communication: true,
       read: true,
       write: true,
       readOnInit: false,
       transmit: true,
       update: true },
    dpt: 'dpt9' } ]
err while getting datapoint description 349 { code: 2, description: 'No element found' }
err while setting server item: error { code: 7, description: 'Bad ID' }
get parameter byte 1 - 10: success <Buffer 00 00 00 00 00 00 00 00 00 00>
got datapoint value indication:  [ { id: 73,
    state: 
     { transmissionStatus: 'Idle/OK',
       readRequestFlag: false,
       updateFlag: true,
       validFlag: true },
    length: 2,
    value: <Buffer 0e 1d> } ]
got datapoint value indication:  [ { id: 71,
    state: 
     { transmissionStatus: 'Idle/OK',
       readRequestFlag: false,
       updateFlag: true,
       validFlag: true },
    length: 2,
    value: <Buffer 0d 69> } ]
